[20231025-14:52:25] [INFO ] Socket 12: AF_UNIX connection received
[20231025-14:52:25] [INFO ] sound_process_output_format:
[20231025-14:52:25] [INFO ]       wFormatNo       0
[20231025-14:52:25] [INFO ]       wFormatTag      WAVE_FORMAT_PCM
[20231025-14:52:25] [INFO ]       nChannels       2
[20231025-14:52:25] [INFO ]       nSamplesPerSec  44100
[20231025-14:52:25] [INFO ]       nAvgBytesPerSec 176400
[20231025-14:52:25] [INFO ]       nBlockAlign     4
[20231025-14:52:25] [INFO ]       wBitsPerSample  16
[20231025-14:52:25] [INFO ]       cbSize          0
[20231025-14:52:25] [INFO ] sound_process_output_format:
[20231025-14:52:25] [INFO ]       wFormatNo       1
[20231025-14:52:25] [INFO ]       wFormatTag      WAVE_FORMAT_PCM
[20231025-14:52:25] [INFO ]       nChannels       2
[20231025-14:52:25] [INFO ]       nSamplesPerSec  22050
[20231025-14:52:25] [INFO ]       nAvgBytesPerSec 88200
[20231025-14:52:25] [INFO ]       nBlockAlign     4
[20231025-14:52:25] [INFO ]       wBitsPerSample  16
[20231025-14:52:25] [INFO ]       cbSize          0
[20231025-14:52:25] [INFO ] sound_process_training: round trip time 101
[20231025-15:20:27] [ERROR] clipboard_event_selection_request: unknown target unknown atom 0x0000025f
[20231025-15:20:45] [ERROR] clipboard_event_selection_request: unknown target unknown atom 0x0000025f
[20231025-15:22:21] [ERROR] clipboard_event_selection_request: unknown target unknown atom 0x0000025f
[20231025-15:24:32] [ERROR] clipboard_event_selection_request: unknown target unknown atom 0x0000025f
[20231025-15:25:17] [ERROR] clipboard_event_selection_request: unknown target unknown atom 0x0000025f
[20231025-15:26:47] [ERROR] clipboard_event_selection_request: unknown target unknown atom 0x0000025f
[20231025-15:30:04] [ERROR] clipboard_event_selection_request: unknown target unknown atom 0x0000025f
[20231025-15:31:56] [ERROR] clipboard_event_selection_request: unknown target unknown atom 0x0000025f
[20231025-15:32:47] [ERROR] clipboard_event_selection_request: unknown target unknown atom 0x0000025f
[20231025-15:33:09] [ERROR] clipboard_event_selection_request: unknown target unknown atom 0x0000025f
[20231025-15:37:53] [ERROR] clipboard_event_selection_request: unknown target unknown atom 0x0000025f
[20231025-15:38:56] [ERROR] clipboard_event_selection_request: unknown target unknown atom 0x0000025f
[20231025-15:40:27] [ERROR] clipboard_event_selection_request: unknown target unknown atom 0x0000025f
[20231025-15:44:32] [ERROR] clipboard_event_selection_request: unknown target unknown atom 0x0000025f
[20231025-15:45:08] [ERROR] clipboard_event_selection_request: unknown target unknown atom 0x0000025f
[20231025-15:45:23] [ERROR] clipboard_event_selection_request: unknown target unknown atom 0x0000025f
[20231025-15:47:41] [ERROR] clipboard_event_selection_request: unknown target unknown atom 0x0000025f
[20231025-16:00:57] [ERROR] clipboard_event_selection_request: unknown target unknown atom 0x0000025f
