[20231117-09:25:51] [INFO ] Socket 12: AF_UNIX connection received
[20231117-09:25:51] [INFO ] sound_process_output_format:
[20231117-09:25:51] [INFO ]       wFormatNo       0
[20231117-09:25:51] [INFO ]       wFormatTag      WAVE_FORMAT_PCM
[20231117-09:25:51] [INFO ]       nChannels       2
[20231117-09:25:51] [INFO ]       nSamplesPerSec  44100
[20231117-09:25:51] [INFO ]       nAvgBytesPerSec 176400
[20231117-09:25:51] [INFO ]       nBlockAlign     4
[20231117-09:25:51] [INFO ]       wBitsPerSample  16
[20231117-09:25:51] [INFO ]       cbSize          0
[20231117-09:25:51] [INFO ] sound_process_output_format:
[20231117-09:25:51] [INFO ]       wFormatNo       1
[20231117-09:25:51] [INFO ]       wFormatTag      WAVE_FORMAT_PCM
[20231117-09:25:51] [INFO ]       nChannels       2
[20231117-09:25:51] [INFO ]       nSamplesPerSec  22050
[20231117-09:25:51] [INFO ]       nAvgBytesPerSec 88200
[20231117-09:25:51] [INFO ]       nBlockAlign     4
[20231117-09:25:51] [INFO ]       wBitsPerSample  16
[20231117-09:25:51] [INFO ]       cbSize          0
[20231117-09:25:51] [INFO ] sound_process_training: round trip time 100
[20231117-10:01:15] [INFO ] Socket 14: AF_UNIX connection received
[20231117-10:01:15] [INFO ] sound_process_output_format:
[20231117-10:01:15] [INFO ]       wFormatNo       0
[20231117-10:01:15] [INFO ]       wFormatTag      WAVE_FORMAT_PCM
[20231117-10:01:15] [INFO ]       nChannels       2
[20231117-10:01:15] [INFO ]       nSamplesPerSec  44100
[20231117-10:01:15] [INFO ]       nAvgBytesPerSec 176400
[20231117-10:01:15] [INFO ]       nBlockAlign     4
[20231117-10:01:15] [INFO ]       wBitsPerSample  16
[20231117-10:01:15] [INFO ]       cbSize          0
[20231117-10:01:15] [INFO ] sound_process_output_format:
[20231117-10:01:15] [INFO ]       wFormatNo       1
[20231117-10:01:15] [INFO ]       wFormatTag      WAVE_FORMAT_PCM
[20231117-10:01:15] [INFO ]       nChannels       2
[20231117-10:01:15] [INFO ]       nSamplesPerSec  22050
[20231117-10:01:15] [INFO ]       nAvgBytesPerSec 88200
[20231117-10:01:15] [INFO ]       nBlockAlign     4
[20231117-10:01:15] [INFO ]       wBitsPerSample  16
[20231117-10:01:15] [INFO ]       cbSize          0
[20231117-10:01:15] [INFO ] sound_process_training: round trip time 101
[20231117-10:01:19] [INFO ] Socket 14: AF_UNIX connection received
[20231117-10:01:19] [INFO ] sound_process_output_format:
[20231117-10:01:19] [INFO ]       wFormatNo       0
[20231117-10:01:19] [INFO ]       wFormatTag      WAVE_FORMAT_PCM
[20231117-10:01:19] [INFO ]       nChannels       2
[20231117-10:01:19] [INFO ]       nSamplesPerSec  44100
[20231117-10:01:19] [INFO ]       nAvgBytesPerSec 176400
[20231117-10:01:19] [INFO ]       nBlockAlign     4
[20231117-10:01:19] [INFO ]       wBitsPerSample  16
[20231117-10:01:19] [INFO ]       cbSize          0
[20231117-10:01:19] [INFO ] sound_process_output_format:
[20231117-10:01:19] [INFO ]       wFormatNo       1
[20231117-10:01:19] [INFO ]       wFormatTag      WAVE_FORMAT_PCM
[20231117-10:01:19] [INFO ]       nChannels       2
[20231117-10:01:19] [INFO ]       nSamplesPerSec  22050
[20231117-10:01:19] [INFO ]       nAvgBytesPerSec 88200
[20231117-10:01:19] [INFO ]       nBlockAlign     4
[20231117-10:01:19] [INFO ]       wBitsPerSample  16
[20231117-10:01:19] [INFO ]       cbSize          0
[20231117-10:01:19] [INFO ] sound_process_training: round trip time 101
[20231117-10:01:32] [INFO ] Socket 14: AF_UNIX connection received
[20231117-10:01:32] [INFO ] sound_process_output_format:
[20231117-10:01:32] [INFO ]       wFormatNo       0
[20231117-10:01:32] [INFO ]       wFormatTag      WAVE_FORMAT_PCM
[20231117-10:01:32] [INFO ]       nChannels       2
[20231117-10:01:32] [INFO ]       nSamplesPerSec  44100
[20231117-10:01:32] [INFO ]       nAvgBytesPerSec 176400
[20231117-10:01:32] [INFO ]       nBlockAlign     4
[20231117-10:01:32] [INFO ]       wBitsPerSample  16
[20231117-10:01:32] [INFO ]       cbSize          0
[20231117-10:01:32] [INFO ] sound_process_output_format:
[20231117-10:01:32] [INFO ]       wFormatNo       1
[20231117-10:01:32] [INFO ]       wFormatTag      WAVE_FORMAT_PCM
[20231117-10:01:32] [INFO ]       nChannels       2
[20231117-10:01:32] [INFO ]       nSamplesPerSec  22050
[20231117-10:01:32] [INFO ]       nAvgBytesPerSec 88200
[20231117-10:01:32] [INFO ]       nBlockAlign     4
[20231117-10:01:32] [INFO ]       wBitsPerSample  16
[20231117-10:01:32] [INFO ]       cbSize          0
[20231117-10:01:32] [INFO ] sound_process_training: round trip time 100
