[20240128-04:52:27] [INFO ] Socket 12: AF_UNIX connection received
[20240128-04:52:27] [INFO ] sound_process_output_format:
[20240128-04:52:27] [INFO ]       wFormatNo       0
[20240128-04:52:27] [INFO ]       wFormatTag      WAVE_FORMAT_PCM
[20240128-04:52:27] [INFO ]       nChannels       2
[20240128-04:52:27] [INFO ]       nSamplesPerSec  44100
[20240128-04:52:27] [INFO ]       nAvgBytesPerSec 176400
[20240128-04:52:27] [INFO ]       nBlockAlign     4
[20240128-04:52:27] [INFO ]       wBitsPerSample  16
[20240128-04:52:27] [INFO ]       cbSize          0
[20240128-04:52:27] [INFO ] sound_process_output_format:
[20240128-04:52:27] [INFO ]       wFormatNo       1
[20240128-04:52:27] [INFO ]       wFormatTag      WAVE_FORMAT_PCM
[20240128-04:52:27] [INFO ]       nChannels       2
[20240128-04:52:27] [INFO ]       nSamplesPerSec  22050
[20240128-04:52:27] [INFO ]       nAvgBytesPerSec 88200
[20240128-04:52:27] [INFO ]       nBlockAlign     4
[20240128-04:52:27] [INFO ]       wBitsPerSample  16
[20240128-04:52:27] [INFO ]       cbSize          0
[20240128-04:52:27] [INFO ] sound_process_training: round trip time 100
